<?xml version="1.0" encoding="UTF-8"?>
<testng-results ignored="0" total="1" passed="1" failed="0" skipped="0">
  <reporter-output>
  </reporter-output>
  <suite started-at="2023-09-25T14:30:29 IST" name="Suite" finished-at="2023-09-25T14:30:40 IST" duration-ms="11104">
    <groups>
    </groups>
    <test started-at="2023-09-25T14:30:29 IST" name="Test" finished-at="2023-09-25T14:30:40 IST" duration-ms="11104">
      <class name="TestNG.Demotest3">
        <test-method signature="test3(java.lang.String)[pri:0, instance:TestNG.Demotest3@2e6a8155]" started-at="2023-09-25T14:30:29 IST" name="test3" finished-at="2023-09-25T14:30:40 IST" duration-ms="11041" status="PASS">
          <params>
            <param index="0">
              <value>
                <![CDATA[Firefox]]>
              </value>
            </param>
          </params>
          <reporter-output>
          </reporter-output>
        </test-method> <!-- test3 -->
      </class> <!-- TestNG.Demotest3 -->
    </test> <!-- Test -->
  </suite> <!-- Suite -->
</testng-results>
