<?xml version="1.0" encoding="UTF-8"?>
<!-- Generated by org.testng.reporters.JUnitXMLReporter -->
<testsuite ignored="2" hostname="00660f8a3e1950a" failures="0" tests="1" name="GRP-First" time="0.077" errors="0" timestamp="2023-09-25T13:53:57 IST">
  <testcase classname="Demotest" name="alogin" time="0.01"/>
  <testcase classname="Demotest" name="show" time="0.0">
    <ignored/>
  </testcase> <!-- show -->
  <testcase classname="Demotest" name="blogin" time="0.0">
    <ignored/>
  </testcase> <!-- blogin -->
</testsuite> <!-- GRP-First -->
